# JRE version: 7.0_21-b11
# Java VM: Java HotSpot(TM) 64-Bit Server VM (23.21-b01 mixed mode windows-amd64 compressed oops)
Heap
 PSYoungGen      total 1091456K, used 12854K [0x000000078d6b0000, 0x00000007f6910000, 0x0000000800000000)
  eden space 638336K, 2% used [0x000000078d6b0000,0x000000078e33d8d0,0x00000007b4610000)
  from space 453120K, 0% used [0x00000007b4610000,0x00000007b4610000,0x00000007d0090000)
  to   space 500480K, 0% used [0x00000007d8050000,0x00000007d8050000,0x00000007f6910000)
 ParOldGen       total 588224K, used 1680K [0x00000006a8400000, 0x00000006cc270000, 0x000000078d6b0000)
  object space 588224K, 0% used [0x00000006a8400000,0x00000006a85a4158,0x00000006cc270000)
 PSPermGen       total 21248K, used 9477K [0x00000006a3200000, 0x00000006a46c0000, 0x00000006a8400000)
  object space 21248K, 44% used [0x00000006a3200000,0x00000006a3b41690,0x00000006a46c0000)
GC Heap History (10 events):
Event: 29.816 GC heap before
{Heap before GC invocations=33 (full 5):
 PSYoungGen      total 972800K, used 924187K [0x000000078d6b0000, 0x00000007e9040000, 0x0000000800000000)
  eden space 605824K, 100% used [0x000000078d6b0000,0x00000007b2650000,0x00000007b2650000)
  from space 366976K, 86% used [0x00000007b2650000,0x00000007c5d36c08,0x00000007c8cb0000)
  to   space 409280K, 0% used [0x00000007d0090000,0x00000007d0090000,0x00000007e9040000)
 ParOldGen       total 588224K, used 381375K [0x00000006a8400000, 0x00000006cc270000, 0x000000078d6b0000)
  object space 588224K, 64% used [0x00000006a8400000,0x00000006bf86fdf8,0x00000006cc270000)
 PSPermGen       total 21248K, used 9430K [0x00000006a3200000, 0x00000006a46c0000, 0x00000006a8400000)
  object space 21248K, 44% used [0x00000006a3200000,0x00000006a3b35b50,0x00000006a46c0000)
Event: 30.168 GC heap after
Heap after GC invocations=33 (full 5):
 PSYoungGen      total 1047616K, used 346907K [0x000000078d6b0000, 0x00000007ee780000, 0x0000000800000000)
  eden space 638336K, 0% used [0x000000078d6b0000,0x000000078d6b0000,0x00000007b4610000)
  from space 409280K, 84% used [0x00000007d0090000,0x00000007e5356c08,0x00000007e9040000)
  to   space 453120K, 0% used [0x00000007b4610000,0x00000007b4610000,0x00000007d0090000)
 ParOldGen       total 588224K, used 381375K [0x00000006a8400000, 0x00000006cc270000, 0x000000078d6b0000)
  object space 588224K, 64% used [0x00000006a8400000,0x00000006bf86fdf8,0x00000006cc270000)
 PSPermGen       total 21248K, used 9430K [0x00000006a3200000, 0x00000006a46c0000, 0x00000006a8400000)
  object space 21248K, 44% used [0x00000006a3200000,0x00000006a3b35b50,0x00000006a46c0000)
}
Event: 30.594 GC heap before
{Heap before GC invocations=34 (full 5):
 PSYoungGen      total 1047616K, used 985243K [0x000000078d6b0000, 0x00000007ee780000, 0x0000000800000000)
  eden space 638336K, 100% used [0x000000078d6b0000,0x00000007b4610000,0x00000007b4610000)
  from space 409280K, 84% used [0x00000007d0090000,0x00000007e5356c08,0x00000007e9040000)
  to   space 453120K, 0% used [0x00000007b4610000,0x00000007b4610000,0x00000007d0090000)
 ParOldGen       total 588224K, used 381375K [0x00000006a8400000, 0x00000006cc270000, 0x000000078d6b0000)
  object space 588224K, 64% used [0x00000006a8400000,0x00000006bf86fdf8,0x00000006cc270000)
 PSPermGen       total 21248K, used 9430K [0x00000006a3200000, 0x00000006a46c0000, 0x00000006a8400000)
  object space 21248K, 44% used [0x00000006a3200000,0x00000006a3b35b50,0x00000006a46c0000)
Event: 30.957 GC heap after
Heap after GC invocations=34 (full 5):
 PSYoungGen      total 1091456K, used 381688K [0x000000078d6b0000, 0x00000007f6910000, 0x0000000800000000)
  eden space 638336K, 0% used [0x000000078d6b0000,0x000000078d6b0000,0x00000007b4610000)
  from space 453120K, 84% used [0x00000007b4610000,0x00000007cbace200,0x00000007d0090000)
  to   space 500480K, 0% used [0x00000007d8050000,0x00000007d8050000,0x00000007f6910000)
 ParOldGen       total 588224K, used 381375K [0x00000006a8400000, 0x00000006cc270000, 0x000000078d6b0000)
  object space 588224K, 64% used [0x00000006a8400000,0x00000006bf86fdf8,0x00000006cc270000)
 PSPermGen       total 21248K, used 9430K [0x00000006a3200000, 0x00000006a46c0000, 0x00000006a8400000)
  object space 21248K, 44% used [0x00000006a3200000,0x00000006a3b35b50,0x00000006a46c0000)
}
Event: 31.861 GC heap before
{Heap before GC invocations=35 (full 5):
 PSYoungGen      total 1091456K, used 1020024K [0x000000078d6b0000, 0x00000007f6910000, 0x0000000800000000)
  eden space 638336K, 100% used [0x000000078d6b0000,0x00000007b4610000,0x00000007b4610000)
  from space 453120K, 84% used [0x00000007b4610000,0x00000007cbace200,0x00000007d0090000)
  to   space 500480K, 0% used [0x00000007d8050000,0x00000007d8050000,0x00000007f6910000)
 ParOldGen       total 588224K, used 381375K [0x00000006a8400000, 0x00000006cc270000, 0x000000078d6b0000)
  object space 588224K, 64% used [0x00000006a8400000,0x00000006bf86fdf8,0x00000006cc270000)
 PSPermGen       total 21248K, used 9459K [0x00000006a3200000, 0x00000006a46c0000, 0x00000006a8400000)
  object space 21248K, 44% used [0x00000006a3200000,0x00000006a3b3cf98,0x00000006a46c0000)
Event: 32.288 GC heap after
Heap after GC invocations=35 (full 5):
 PSYoungGen      total 1138816K, used 407544K [0x000000078d6b0000, 0x00000007f6910000, 0x0000000800000000)
  eden space 638336K, 0% used [0x000000078d6b0000,0x000000078d6b0000,0x00000007b4610000)
  from space 500480K, 81% used [0x00000007d8050000,0x00000007f0e4e200,0x00000007f6910000)
  to   space 453120K, 0% used [0x00000007b4610000,0x00000007b4610000,0x00000007d0090000)
 ParOldGen       total 588224K, used 381383K [0x00000006a8400000, 0x00000006cc270000, 0x000000078d6b0000)
  object space 588224K, 64% used [0x00000006a8400000,0x00000006bf871df8,0x00000006cc270000)
 PSPermGen       total 21248K, used 9459K [0x00000006a3200000, 0x00000006a46c0000, 0x00000006a8400000)
  object space 21248K, 44% used [0x00000006a3200000,0x00000006a3b3cf98,0x00000006a46c0000)
}
Event: 32.302 GC heap before
{Heap before GC invocations=36 (full 5):
 PSYoungGen      total 1138816K, used 420398K [0x000000078d6b0000, 0x00000007f6910000, 0x0000000800000000)
  eden space 638336K, 2% used [0x000000078d6b0000,0x000000078e33d8b8,0x00000007b4610000)
  from space 500480K, 81% used [0x00000007d8050000,0x00000007f0e4e200,0x00000007f6910000)
  to   space 453120K, 0% used [0x00000007b4610000,0x00000007b4610000,0x00000007d0090000)
 ParOldGen       total 588224K, used 381383K [0x00000006a8400000, 0x00000006cc270000, 0x000000078d6b0000)
  object space 588224K, 64% used [0x00000006a8400000,0x00000006bf871df8,0x00000006cc270000)
 PSPermGen       total 21248K, used 9459K [0x00000006a3200000, 0x00000006a46c0000, 0x00000006a8400000)
  object space 21248K, 44% used [0x00000006a3200000,0x00000006a3b3cf98,0x00000006a46c0000)
Event: 32.679 GC heap after
Heap after GC invocations=36 (full 5):
 PSYoungGen      total 1091456K, used 407512K [0x000000078d6b0000, 0x00000007f6910000, 0x0000000800000000)
  eden space 638336K, 0% used [0x000000078d6b0000,0x000000078d6b0000,0x00000007b4610000)
  from space 453120K, 89% used [0x00000007b4610000,0x00000007cd406200,0x00000007d0090000)
  to   space 500480K, 0% used [0x00000007d8050000,0x00000007d8050000,0x00000007f6910000)
 ParOldGen       total 588224K, used 381383K [0x00000006a8400000, 0x00000006cc270000, 0x000000078d6b0000)
  object space 588224K, 64% used [0x00000006a8400000,0x00000006bf871df8,0x00000006cc270000)
 PSPermGen       total 21248K, used 9459K [0x00000006a3200000, 0x00000006a46c0000, 0x00000006a8400000)
  object space 21248K, 44% used [0x00000006a3200000,0x00000006a3b3cf98,0x00000006a46c0000)
}
Event: 32.679 GC heap before
{Heap before GC invocations=37 (full 6):
 PSYoungGen      total 1091456K, used 407512K [0x000000078d6b0000, 0x00000007f6910000, 0x0000000800000000)
  eden space 638336K, 0% used [0x000000078d6b0000,0x000000078d6b0000,0x00000007b4610000)
  from space 453120K, 89% used [0x00000007b4610000,0x00000007cd406200,0x00000007d0090000)
  to   space 500480K, 0% used [0x00000007d8050000,0x00000007d8050000,0x00000007f6910000)
 ParOldGen       total 588224K, used 381383K [0x00000006a8400000, 0x00000006cc270000, 0x000000078d6b0000)
  object space 588224K, 64% used [0x00000006a8400000,0x00000006bf871df8,0x00000006cc270000)
 PSPermGen       total 21248K, used 9459K [0x00000006a3200000, 0x00000006a46c0000, 0x00000006a8400000)
  object space 21248K, 44% used [0x00000006a3200000,0x00000006a3b3cf98,0x00000006a46c0000)
Event: 32.700 GC heap after
Heap after GC invocations=37 (full 6):
 PSYoungGen      total 1091456K, used 0K [0x000000078d6b0000, 0x00000007f6910000, 0x0000000800000000)
  eden space 638336K, 0% used [0x000000078d6b0000,0x000000078d6b0000,0x00000007b4610000)
  from space 453120K, 0% used [0x00000007b4610000,0x00000007b4610000,0x00000007d0090000)
  to   space 500480K, 0% used [0x00000007d8050000,0x00000007d8050000,0x00000007f6910000)
 ParOldGen       total 588224K, used 1680K [0x00000006a8400000, 0x00000006cc270000, 0x000000078d6b0000)
  object space 588224K, 0% used [0x00000006a8400000,0x00000006a85a4158,0x00000006cc270000)
 PSPermGen       total 21248K, used 9459K [0x00000006a3200000, 0x00000006a46c0000, 0x00000006a8400000)
  object space 21248K, 44% used [0x00000006a3200000,0x00000006a3b3cf58,0x00000006a46c0000)
}

