# JRE version: 7.0_21-b11
# Java VM: Java HotSpot(TM) 64-Bit Server VM (23.21-b01 mixed mode windows-amd64 compressed oops)
Heap
 PSYoungGen      total 999552K, used 641761K [0x00000007aaab0000, 0x00000007f74e0000, 0x0000000800000000)
  eden space 770624K, 83% used [0x00000007aaab0000,0x00000007d1d686d8,0x00000007d9b40000)
  from space 228928K, 0% used [0x00000007d9b40000,0x00000007d9b40000,0x00000007e7ad0000)
  to   space 203328K, 0% used [0x00000007e7ad0000,0x00000007e7ad0000,0x00000007f4160000)
 ParOldGen       total 987136K, used 987135K [0x0000000700000000, 0x000000073c400000, 0x00000007aaab0000)
  object space 987136K, 99% used [0x0000000700000000,0x000000073c3ffe08,0x000000073c400000)
 PSPermGen       total 21248K, used 9417K [0x00000006fae00000, 0x00000006fc2c0000, 0x0000000700000000)
  object space 21248K, 44% used [0x00000006fae00000,0x00000006fb732760,0x00000006fc2c0000)
GC Heap History (10 events):
Event: 75.184 GC heap before
{Heap before GC invocations=41 (full 11):
 PSYoungGen      total 999552K, used 770624K [0x00000007aaab0000, 0x00000007f74e0000, 0x0000000800000000)
  eden space 770624K, 100% used [0x00000007aaab0000,0x00000007d9b40000,0x00000007d9b40000)
  from space 228928K, 0% used [0x00000007d9b40000,0x00000007d9b40000,0x00000007e7ad0000)
  to   space 203328K, 0% used [0x00000007e7ad0000,0x00000007e7ad0000,0x00000007f4160000)
 ParOldGen       total 987136K, used 987135K [0x0000000700000000, 0x000000073c400000, 0x00000007aaab0000)
  object space 987136K, 99% used [0x0000000700000000,0x000000073c3ffff8,0x000000073c400000)
 PSPermGen       total 21248K, used 9388K [0x00000006fae00000, 0x00000006fc2c0000, 0x0000000700000000)
  object space 21248K, 44% used [0x00000006fae00000,0x00000006fb72b148,0x00000006fc2c0000)
Event: 78.830 GC heap after
Heap after GC invocations=41 (full 11):
 PSYoungGen      total 999552K, used 219113K [0x00000007aaab0000, 0x00000007f74e0000, 0x0000000800000000)
  eden space 770624K, 28% used [0x00000007aaab0000,0x00000007b80aa6d0,0x00000007d9b40000)
  from space 228928K, 0% used [0x00000007d9b40000,0x00000007d9b40000,0x00000007e7ad0000)
  to   space 203328K, 0% used [0x00000007e7ad0000,0x00000007e7ad0000,0x00000007f4160000)
 ParOldGen       total 987136K, used 987135K [0x0000000700000000, 0x000000073c400000, 0x00000007aaab0000)
  object space 987136K, 99% used [0x0000000700000000,0x000000073c3ffff8,0x000000073c400000)
 PSPermGen       total 21248K, used 9388K [0x00000006fae00000, 0x00000006fc2c0000, 0x0000000700000000)
  object space 21248K, 44% used [0x00000006fae00000,0x00000006fb72b148,0x00000006fc2c0000)
}
Event: 79.205 GC heap before
{Heap before GC invocations=42 (full 12):
 PSYoungGen      total 999552K, used 770624K [0x00000007aaab0000, 0x00000007f74e0000, 0x0000000800000000)
  eden space 770624K, 100% used [0x00000007aaab0000,0x00000007d9b40000,0x00000007d9b40000)
  from space 228928K, 0% used [0x00000007d9b40000,0x00000007d9b40000,0x00000007e7ad0000)
  to   space 203328K, 0% used [0x00000007e7ad0000,0x00000007e7ad0000,0x00000007f4160000)
 ParOldGen       total 987136K, used 987135K [0x0000000700000000, 0x000000073c400000, 0x00000007aaab0000)
  object space 987136K, 99% used [0x0000000700000000,0x000000073c3ffff8,0x000000073c400000)
 PSPermGen       total 21248K, used 9388K [0x00000006fae00000, 0x00000006fc2c0000, 0x0000000700000000)
  object space 21248K, 44% used [0x00000006fae00000,0x00000006fb72b148,0x00000006fc2c0000)
Event: 82.158 GC heap after
Heap after GC invocations=42 (full 12):
 PSYoungGen      total 999552K, used 252024K [0x00000007aaab0000, 0x00000007f74e0000, 0x0000000800000000)
  eden space 770624K, 32% used [0x00000007aaab0000,0x00000007ba0ce028,0x00000007d9b40000)
  from space 228928K, 0% used [0x00000007d9b40000,0x00000007d9b40000,0x00000007e7ad0000)
  to   space 203328K, 0% used [0x00000007e7ad0000,0x00000007e7ad0000,0x00000007f4160000)
 ParOldGen       total 987136K, used 987135K [0x0000000700000000, 0x000000073c400000, 0x00000007aaab0000)
  object space 987136K, 99% used [0x0000000700000000,0x000000073c3ffe08,0x000000073c400000)
 PSPermGen       total 21248K, used 9388K [0x00000006fae00000, 0x00000006fc2c0000, 0x0000000700000000)
  object space 21248K, 44% used [0x00000006fae00000,0x00000006fb72b148,0x00000006fc2c0000)
}
Event: 82.516 GC heap before
{Heap before GC invocations=43 (full 13):
 PSYoungGen      total 999552K, used 770624K [0x00000007aaab0000, 0x00000007f74e0000, 0x0000000800000000)
  eden space 770624K, 100% used [0x00000007aaab0000,0x00000007d9b40000,0x00000007d9b40000)
  from space 228928K, 0% used [0x00000007d9b40000,0x00000007d9b40000,0x00000007e7ad0000)
  to   space 203328K, 0% used [0x00000007e7ad0000,0x00000007e7ad0000,0x00000007f4160000)
 ParOldGen       total 987136K, used 987135K [0x0000000700000000, 0x000000073c400000, 0x00000007aaab0000)
  object space 987136K, 99% used [0x0000000700000000,0x000000073c3ffe08,0x000000073c400000)
 PSPermGen       total 21248K, used 9388K [0x00000006fae00000, 0x00000006fc2c0000, 0x0000000700000000)
  object space 21248K, 44% used [0x00000006fae00000,0x00000006fb72b148,0x00000006fc2c0000)
Event: 86.110 GC heap after
Heap after GC invocations=43 (full 13):
 PSYoungGen      total 999552K, used 276503K [0x00000007aaab0000, 0x00000007f74e0000, 0x0000000800000000)
  eden space 770624K, 35% used [0x00000007aaab0000,0x00000007bb8b5df8,0x00000007d9b40000)
  from space 228928K, 0% used [0x00000007d9b40000,0x00000007d9b40000,0x00000007e7ad0000)
  to   space 203328K, 0% used [0x00000007e7ad0000,0x00000007e7ad0000,0x00000007f4160000)
 ParOldGen       total 987136K, used 987135K [0x0000000700000000, 0x000000073c400000, 0x00000007aaab0000)
  object space 987136K, 99% used [0x0000000700000000,0x000000073c3ffe08,0x000000073c400000)
 PSPermGen       total 21248K, used 9388K [0x00000006fae00000, 0x00000006fc2c0000, 0x0000000700000000)
  object space 21248K, 44% used [0x00000006fae00000,0x00000006fb72b148,0x00000006fc2c0000)
}
Event: 86.451 GC heap before
{Heap before GC invocations=44 (full 14):
 PSYoungGen      total 999552K, used 770624K [0x00000007aaab0000, 0x00000007f74e0000, 0x0000000800000000)
  eden space 770624K, 100% used [0x00000007aaab0000,0x00000007d9b40000,0x00000007d9b40000)
  from space 228928K, 0% used [0x00000007d9b40000,0x00000007d9b40000,0x00000007e7ad0000)
  to   space 203328K, 0% used [0x00000007e7ad0000,0x00000007e7ad0000,0x00000007f4160000)
 ParOldGen       total 987136K, used 987135K [0x0000000700000000, 0x000000073c400000, 0x00000007aaab0000)
  object space 987136K, 99% used [0x0000000700000000,0x000000073c3ffe08,0x000000073c400000)
 PSPermGen       total 21248K, used 9388K [0x00000006fae00000, 0x00000006fc2c0000, 0x0000000700000000)
  object space 21248K, 44% used [0x00000006fae00000,0x00000006fb72b148,0x00000006fc2c0000)
Event: 89.999 GC heap after
Heap after GC invocations=44 (full 14):
 PSYoungGen      total 999552K, used 299826K [0x00000007aaab0000, 0x00000007f74e0000, 0x0000000800000000)
  eden space 770624K, 38% used [0x00000007aaab0000,0x00000007bcf7c878,0x00000007d9b40000)
  from space 228928K, 0% used [0x00000007d9b40000,0x00000007d9b40000,0x00000007e7ad0000)
  to   space 203328K, 0% used [0x00000007e7ad0000,0x00000007e7ad0000,0x00000007f4160000)
 ParOldGen       total 987136K, used 987135K [0x0000000700000000, 0x000000073c400000, 0x00000007aaab0000)
  object space 987136K, 99% used [0x0000000700000000,0x000000073c3ffe08,0x000000073c400000)
 PSPermGen       total 21248K, used 9388K [0x00000006fae00000, 0x00000006fc2c0000, 0x0000000700000000)
  object space 21248K, 44% used [0x00000006fae00000,0x00000006fb72b148,0x00000006fc2c0000)
}
Event: 90.329 GC heap before
{Heap before GC invocations=45 (full 15):
 PSYoungGen      total 999552K, used 770624K [0x00000007aaab0000, 0x00000007f74e0000, 0x0000000800000000)
  eden space 770624K, 100% used [0x00000007aaab0000,0x00000007d9b40000,0x00000007d9b40000)
  from space 228928K, 0% used [0x00000007d9b40000,0x00000007d9b40000,0x00000007e7ad0000)
  to   space 203328K, 0% used [0x00000007e7ad0000,0x00000007e7ad0000,0x00000007f4160000)
 ParOldGen       total 987136K, used 987135K [0x0000000700000000, 0x000000073c400000, 0x00000007aaab0000)
  object space 987136K, 99% used [0x0000000700000000,0x000000073c3ffe08,0x000000073c400000)
 PSPermGen       total 21248K, used 9388K [0x00000006fae00000, 0x00000006fc2c0000, 0x0000000700000000)
  object space 21248K, 44% used [0x00000006fae00000,0x00000006fb72b148,0x00000006fc2c0000)
Event: 93.244 GC heap after
Heap after GC invocations=45 (full 15):
 PSYoungGen      total 999552K, used 322047K [0x00000007aaab0000, 0x00000007f74e0000, 0x0000000800000000)
  eden space 770624K, 41% used [0x00000007aaab0000,0x00000007be52fe38,0x00000007d9b40000)
  from space 228928K, 0% used [0x00000007d9b40000,0x00000007d9b40000,0x00000007e7ad0000)
  to   space 203328K, 0% used [0x00000007e7ad0000,0x00000007e7ad0000,0x00000007f4160000)
 ParOldGen       total 987136K, used 987135K [0x0000000700000000, 0x000000073c400000, 0x00000007aaab0000)
  object space 987136K, 99% used [0x0000000700000000,0x000000073c3ffe08,0x000000073c400000)
 PSPermGen       total 21248K, used 9388K [0x00000006fae00000, 0x00000006fc2c0000, 0x0000000700000000)
  object space 21248K, 44% used [0x00000006fae00000,0x00000006fb72b148,0x00000006fc2c0000)
}

